<?xml version="1.0" encoding="UTF-8"?>
<!-- Generated by org.testng.reporters.JUnitXMLReporter -->
<testsuite ignored="0" hostname="INLEN8520066132" failures="0" tests="3" name="Default test" time="5.788" errors="0" timestamp="2024-05-06T16:50:41 IST">
  <testcase classname="api.test.StoreTests" name="testPostUser" time="3.7"/>
  <testcase classname="api.test.StoreTests" name="testGetUserByName" time="1.012"/>
  <testcase classname="api.test.StoreTests" name="testDeleteUserByName" time="0.962"/>
</testsuite> <!-- Default test -->
