<?xml version="1.0" encoding="UTF-8"?>
<testng-results ignored="0" total="7" passed="7" failed="0" skipped="0">
  <reporter-output>
  </reporter-output>
  <suite started-at="2024-05-06T17:00:03 IST" name="PetSuite" finished-at="2024-05-06T17:00:13 IST" duration-ms="10319">
    <groups>
    </groups>
    <test started-at="2024-05-06T17:00:03 IST" name="PetTests" finished-at="2024-05-06T17:00:13 IST" duration-ms="10319">
      <class name="api.test.UserTests">
        <test-method is-config="true" signature="setup()[pri:0, instance:api.test.UserTests@38cee291]" started-at="2024-05-06T17:00:03 IST" name="setup" finished-at="2024-05-06T17:00:03 IST" duration-ms="551" status="PASS">
          <reporter-output>
          </reporter-output>
        </test-method> <!-- setup -->
        <test-method signature="testPostUser()[pri:1, instance:api.test.UserTests@38cee291]" started-at="2024-05-06T17:00:03 IST" name="testPostUser" finished-at="2024-05-06T17:00:06 IST" duration-ms="2624" status="PASS">
          <reporter-output>
          </reporter-output>
        </test-method> <!-- testPostUser -->
        <test-method signature="testGetUserByName()[pri:2, instance:api.test.UserTests@38cee291]" started-at="2024-05-06T17:00:06 IST" name="testGetUserByName" finished-at="2024-05-06T17:00:07 IST" duration-ms="1041" status="PASS">
          <reporter-output>
          </reporter-output>
        </test-method> <!-- testGetUserByName -->
        <test-method signature="testUpdateUserByName()[pri:3, instance:api.test.UserTests@38cee291]" started-at="2024-05-06T17:00:07 IST" name="testUpdateUserByName" finished-at="2024-05-06T17:00:09 IST" duration-ms="1989" status="PASS">
          <reporter-output>
          </reporter-output>
        </test-method> <!-- testUpdateUserByName -->
        <test-method signature="testDeleteUserByName()[pri:4, instance:api.test.UserTests@38cee291]" started-at="2024-05-06T17:00:09 IST" name="testDeleteUserByName" finished-at="2024-05-06T17:00:10 IST" duration-ms="938" status="PASS">
          <reporter-output>
          </reporter-output>
        </test-method> <!-- testDeleteUserByName -->
      </class> <!-- api.test.UserTests -->
      <class name="api.test.StoreTests">
        <test-method is-config="true" signature="setup()[pri:0, instance:api.test.StoreTests@1ffaf86]" started-at="2024-05-06T17:00:10 IST" name="setup" finished-at="2024-05-06T17:00:10 IST" duration-ms="3" status="PASS">
          <reporter-output>
          </reporter-output>
        </test-method> <!-- setup -->
        <test-method signature="placeOrderForPet()[pri:1, instance:api.test.StoreTests@1ffaf86]" started-at="2024-05-06T17:00:10 IST" name="placeOrderForPet" finished-at="2024-05-06T17:00:11 IST" duration-ms="997" status="PASS">
          <reporter-output>
          </reporter-output>
        </test-method> <!-- placeOrderForPet -->
        <test-method signature="findPetByID()[pri:2, instance:api.test.StoreTests@1ffaf86]" started-at="2024-05-06T17:00:11 IST" name="findPetByID" finished-at="2024-05-06T17:00:12 IST" duration-ms="972" status="PASS">
          <reporter-output>
          </reporter-output>
        </test-method> <!-- findPetByID -->
        <test-method signature="deletePet()[pri:4, instance:api.test.StoreTests@1ffaf86]" started-at="2024-05-06T17:00:12 IST" name="deletePet" finished-at="2024-05-06T17:00:13 IST" duration-ms="980" status="PASS">
          <reporter-output>
          </reporter-output>
        </test-method> <!-- deletePet -->
      </class> <!-- api.test.StoreTests -->
    </test> <!-- PetTests -->
  </suite> <!-- PetSuite -->
</testng-results>
