<?xml version="1.0" encoding="UTF-8"?>
<testsuite xmlns:xsi="http://www.w3.org/2001/XMLSchema-instance" xsi:noNamespaceSchemaLocation="https://maven.apache.org/surefire/maven-surefire-plugin/xsd/surefire-test-report-3.0.xsd" version="3.0" name="TestSuite" time="11.425" tests="7" errors="0" skipped="0" failures="0">
  <properties>
[...]
</properties>
  <testcase name="testPostUser" classname="api.test.UserTests" time="2.656">
    <system-out><![CDATA[HTTP/1.1 200 OK
Date: Mon, 06 May 2024 11:30:06 GMT
Content-Type: application/json
Transfer-Encoding: chunked
Connection: keep-alive
Access-Control-Allow-Origin: *
Access-Control-Allow-Methods: GET, POST, DELETE, PUT
Access-Control-Allow-Headers: Content-Type, api_key, Authorization
Server: Jetty(9.2.9.v20150224)

{
    "code": 200,
    "type": "unknown",
    "message": "1631227617"
}
]]></system-out>
    <system-err><![CDATA[SLF4J: Failed to load class "org.slf4j.impl.StaticLoggerBinder".
SLF4J: Defaulting to no-operation (NOP) logger implementation
SLF4J: See http://www.slf4j.org/codes.html#StaticLoggerBinder for further details.
]]></system-err>
  </testcase>
  <testcase name="testGetUserByName" classname="api.test.UserTests" time="1.021">
    <system-out><![CDATA[HTTP/1.1 200 OK
Date: Mon, 06 May 2024 11:30:07 GMT
Content-Type: application/json
Transfer-Encoding: chunked
Connection: keep-alive
Access-Control-Allow-Origin: *
Access-Control-Allow-Methods: GET, POST, DELETE, PUT
Access-Control-Allow-Headers: Content-Type, api_key, Authorization
Server: Jetty(9.2.9.v20150224)

{
    "id": 1631227617,
    "username": "keith.hermann",
    "firstName": "Marvin",
    "lastName": "Bogisich",
    "email": "bonnie.purdy@example.com",
    "password": "c88hmtnt",
    "phone": "1-446-012-5093",
    "userStatus": 0
}
]]></system-out>
  </testcase>
  <testcase name="testUpdateUserByName" classname="api.test.UserTests" time="1.985">
    <system-out><![CDATA[{
    "code": 200,
    "type": "unknown",
    "message": "1631227617"
}
]]></system-out>
  </testcase>
  <testcase name="testDeleteUserByName" classname="api.test.UserTests" time="0.938"/>
  <testcase name="placeOrderForPet" classname="api.test.StoreTests" time="1.019">
    <system-out><![CDATA[HTTP/1.1 200 OK
Date: Mon, 06 May 2024 11:30:11 GMT
Content-Type: application/json
Transfer-Encoding: chunked
Connection: keep-alive
Access-Control-Allow-Origin: *
Access-Control-Allow-Methods: GET, POST, DELETE, PUT
Access-Control-Allow-Headers: Content-Type, api_key, Authorization
Server: Jetty(9.2.9.v20150224)

{
    "id": 747827348,
    "petId": 747827348,
    "quantity": 747827348,
    "shipDate": "1964-10-31T12:58:00.017+0000",
    "complete": false
}
]]></system-out>
  </testcase>
  <testcase name="findPetByID" classname="api.test.StoreTests" time="0.955">
    <system-out><![CDATA[HTTP/1.1 200 OK
Date: Mon, 06 May 2024 11:30:12 GMT
Content-Type: application/json
Transfer-Encoding: chunked
Connection: keep-alive
Access-Control-Allow-Origin: *
Access-Control-Allow-Methods: GET, POST, DELETE, PUT
Access-Control-Allow-Headers: Content-Type, api_key, Authorization
Server: Jetty(9.2.9.v20150224)

{
    "id": 747827348,
    "petId": 747827348,
    "quantity": 747827348,
    "shipDate": "1964-10-31T12:58:00.017+0000",
    "complete": false
}
]]></system-out>
  </testcase>
  <testcase name="deletePet" classname="api.test.StoreTests" time="0.976"/>
</testsuite>