<?xml version="1.0" encoding="UTF-8"?>
<testng-results ignored="0" total="7" passed="7" failed="0" skipped="0">
  <reporter-output>
  </reporter-output>
  <suite started-at="2024-05-06T16:51:29 IST" name="PetSuite" finished-at="2024-05-06T16:51:42 IST" duration-ms="12564">
    <groups>
    </groups>
    <test started-at="2024-05-06T16:51:29 IST" name="PetTests" finished-at="2024-05-06T16:51:42 IST" duration-ms="12564">
      <class name="api.test.UserTests">
        <test-method is-config="true" signature="setup()[pri:0, instance:api.test.UserTests@45099dd3]" started-at="2024-05-06T16:51:30 IST" name="setup" finished-at="2024-05-06T16:51:31 IST" duration-ms="1376" status="PASS">
          <reporter-output>
          </reporter-output>
        </test-method> <!-- setup -->
        <test-method signature="testPostUser()[pri:1, instance:api.test.UserTests@45099dd3]" started-at="2024-05-06T16:51:31 IST" name="testPostUser" finished-at="2024-05-06T16:51:35 IST" duration-ms="3617" status="PASS">
          <reporter-output>
          </reporter-output>
        </test-method> <!-- testPostUser -->
        <test-method signature="testGetUserByName()[pri:2, instance:api.test.UserTests@45099dd3]" started-at="2024-05-06T16:51:35 IST" name="testGetUserByName" finished-at="2024-05-06T16:51:36 IST" duration-ms="1036" status="PASS">
          <reporter-output>
          </reporter-output>
        </test-method> <!-- testGetUserByName -->
        <test-method signature="testUpdateUserByName()[pri:3, instance:api.test.UserTests@45099dd3]" started-at="2024-05-06T16:51:36 IST" name="testUpdateUserByName" finished-at="2024-05-06T16:51:38 IST" duration-ms="1988" status="PASS">
          <reporter-output>
          </reporter-output>
        </test-method> <!-- testUpdateUserByName -->
        <test-method signature="testDeleteUserByName()[pri:4, instance:api.test.UserTests@45099dd3]" started-at="2024-05-06T16:51:38 IST" name="testDeleteUserByName" finished-at="2024-05-06T16:51:39 IST" duration-ms="1026" status="PASS">
          <reporter-output>
          </reporter-output>
        </test-method> <!-- testDeleteUserByName -->
      </class> <!-- api.test.UserTests -->
      <class name="api.test.StoreTests">
        <test-method is-config="true" signature="setup()[pri:0, instance:api.test.StoreTests@1a942c18]" started-at="2024-05-06T16:51:39 IST" name="setup" finished-at="2024-05-06T16:51:39 IST" duration-ms="3" status="PASS">
          <reporter-output>
          </reporter-output>
        </test-method> <!-- setup -->
        <test-method signature="testPostUser()[pri:1, instance:api.test.StoreTests@1a942c18]" started-at="2024-05-06T16:51:39 IST" name="testPostUser" finished-at="2024-05-06T16:51:40 IST" duration-ms="1010" status="PASS">
          <reporter-output>
          </reporter-output>
        </test-method> <!-- testPostUser -->
        <test-method signature="testGetUserByName()[pri:2, instance:api.test.StoreTests@1a942c18]" started-at="2024-05-06T16:51:40 IST" name="testGetUserByName" finished-at="2024-05-06T16:51:41 IST" duration-ms="974" status="PASS">
          <reporter-output>
          </reporter-output>
        </test-method> <!-- testGetUserByName -->
        <test-method signature="testDeleteUserByName()[pri:4, instance:api.test.StoreTests@1a942c18]" started-at="2024-05-06T16:51:41 IST" name="testDeleteUserByName" finished-at="2024-05-06T16:51:42 IST" duration-ms="1009" status="PASS">
          <reporter-output>
          </reporter-output>
        </test-method> <!-- testDeleteUserByName -->
      </class> <!-- api.test.StoreTests -->
    </test> <!-- PetTests -->
  </suite> <!-- PetSuite -->
</testng-results>
