<?xml version="1.0" encoding="UTF-8"?>
<!-- Generated by org.testng.reporters.JUnitXMLReporter -->
<testsuite ignored="0" hostname="INLEN8520066132" failures="0" tests="7" name="PetTests" time="10.319" errors="0" timestamp="2024-05-06T17:00:13 IST">
  <testcase classname="api.test.UserTests" name="testPostUser" time="2.624"/>
  <testcase classname="api.test.UserTests" name="testGetUserByName" time="1.041"/>
  <testcase classname="api.test.UserTests" name="testUpdateUserByName" time="1.989"/>
  <testcase classname="api.test.UserTests" name="testDeleteUserByName" time="0.938"/>
  <testcase classname="api.test.StoreTests" name="placeOrderForPet" time="0.997"/>
  <testcase classname="api.test.StoreTests" name="findPetByID" time="0.972"/>
  <testcase classname="api.test.StoreTests" name="deletePet" time="0.98"/>
</testsuite> <!-- PetTests -->
