<?xml version="1.0" encoding="UTF-8"?>
<!-- Generated by org.testng.reporters.JUnitXMLReporter -->
<testsuite ignored="0" hostname="INLEN8520066132" failures="0" tests="7" name="PetTests" time="12.564" errors="0" timestamp="2024-05-06T16:51:42 IST">
  <testcase classname="api.test.UserTests" name="testPostUser" time="3.617"/>
  <testcase classname="api.test.UserTests" name="testGetUserByName" time="1.036"/>
  <testcase classname="api.test.UserTests" name="testUpdateUserByName" time="1.988"/>
  <testcase classname="api.test.UserTests" name="testDeleteUserByName" time="1.026"/>
  <testcase classname="api.test.StoreTests" name="testPostUser" time="1.01"/>
  <testcase classname="api.test.StoreTests" name="testGetUserByName" time="0.974"/>
  <testcase classname="api.test.StoreTests" name="testDeleteUserByName" time="1.009"/>
</testsuite> <!-- PetTests -->
